-------------------------------------------------------------------------------
Test set: com.drip.banco.BancoApplicationTests
-------------------------------------------------------------------------------
Tests run: 1, Failures: 0, Errors: 1, Skipped: 0, Time elapsed: 1.077 s <<< FAILURE! - in com.drip.banco.BancoApplicationTests
contextLoads  Time elapsed: 0.005 s  <<< ERROR!
java.lang.IllegalStateException: Failed to load ApplicationContext
Caused by: org.springframework.beans.factory.BeanCreationException: 
Error creating bean with name 'flywayInitializer' defined in class path resource [org/springframework/boot/autoconfigure/flyway/FlywayAutoConfiguration$FlywayConfiguration.class]: Invocation of init method failed; nested exception is org.flywaydb.core.api.FlywayException: Found more than one migration with version 1
Offenders:
-> /Users/emersonrafael/Documents/Banco/target/classes/db/migration/V1__02_create_tabela_cliente.sql (SQL)
-> /Users/emersonrafael/Documents/Banco/target/classes/db/migration/V1__01_create_tabela_banco.sql (SQL)
Caused by: org.flywaydb.core.api.FlywayException: 
Found more than one migration with version 1
Offenders:
-> /Users/emersonrafael/Documents/Banco/target/classes/db/migration/V1__02_create_tabela_cliente.sql (SQL)
-> /Users/emersonrafael/Documents/Banco/target/classes/db/migration/V1__01_create_tabela_banco.sql (SQL)

